[30-May-2025 21:46:21 America/Bogota] URL a procesar: 'miembros/editar/1'
[30-May-2025 21:46:21 America/Bogota] Buscando miembro con ID: 1
[30-May-2025 21:46:21 America/Bogota] SQL: SELECT * FROM InformacionGeneral WHERE id = 1
[30-May-2025 21:46:21 America/Bogota] Miembro encontrado: {"id":1,"nombres":"Hernando Rafael","apellidos":"Gamez Fragozo","celular":"3042629153","localidad":"Bogota","barrio":"Modelia","fecha_nacimiento":"1986-11-01","invitado_por":null,"conector":"","recorrido_espiritual":"","estado_espiritual":"Disc\u00edpulo","foto":"68376fab49125_yop.jpg","fecha_ingreso":"2025-05-23 17:47:43","habeas_data":0}
[30-May-2025 21:46:30 America/Bogota] URL a procesar: 'miembros/actualizar/1'
[30-May-2025 21:46:30 America/Bogota] PHP Warning:  Undefined array key 0 in C:\xampp\htdocs\ENCASA_DATABASE\app\Controllers\MiembrosController.php on line 243
[30-May-2025 21:46:30 America/Bogota] Iniciando actualización para miembro ID: 0
[30-May-2025 21:46:30 America/Bogota] Datos POST: {"nombres":"Hernando Rafael","apellidos":"Gamez Fragozo","celular":"3042629153","localidad":"Bogota","barrio":"Modelia","fecha_nacimiento":"1986-11-01","estado_espiritual":"Disc\u00edpulo","fecha_ingreso":"","recorrido_espiritual":"","contacto_id":"2","tipo_documento":"CC","numero_documento":"1032373186","telefono":"3042629153","correo_electronico":"rafa.gzfr@gmail.com","pais":"Colombia","ciudad":"Bogota","direccion":"Carrera 82#24d-48","estado_civil":"Casado\/a","estudios_id":"2","nivel_estudios":"Tecn\u00f3logo","profesion":"Tecnologo en Desarrollo de Software","otros_estudios":"","empresa":"Sena","direccion_empresa":"","emprendimientos":"","tallas_id":"2","talla_camisa":"XXL","talla_camiseta":"XXL","talla_pantalon":"36","talla_zapatos":"42","salud_id":"","rh":"","eps":"","acudiente1":"","telefono1":"","acudiente2":"","telefono2":"","carrera_id":"2","estado":"","carrera_biblica":"","miembro_de":"","casa_de_palabra_y_vida":"","cobertura":"","anotaciones":""}
[30-May-2025 21:46:34 America/Bogota] URL a procesar: ''
[30-May-2025 21:46:36 America/Bogota] URL a procesar: 'miembros'
[30-May-2025 21:46:38 America/Bogota] URL a procesar: 'miembros/1'
[30-May-2025 21:46:38 America/Bogota] Buscando miembro con ID: 1
[30-May-2025 21:46:38 America/Bogota] SQL: SELECT * FROM InformacionGeneral WHERE id = 1
[30-May-2025 21:46:38 America/Bogota] Miembro encontrado: {"id":1,"nombres":"Hernando Rafael","apellidos":"Gamez Fragozo","celular":"3042629153","localidad":"Bogota","barrio":"Modelia","fecha_nacimiento":"1986-11-01","invitado_por":null,"conector":"","recorrido_espiritual":"","estado_espiritual":"Disc\u00edpulo","foto":"68376fab49125_yop.jpg","fecha_ingreso":"2025-05-23 17:47:43","habeas_data":0}
[30-May-2025 21:46:38 America/Bogota] Datos del miembro: {"id":1,"nombres":"Hernando Rafael","apellidos":"Gamez Fragozo","celular":"3042629153","localidad":"Bogota","barrio":"Modelia","fecha_nacimiento":"1986-11-01","invitado_por":null,"conector":"","recorrido_espiritual":"","estado_espiritual":"Disc\u00edpulo","foto":"68376fab49125_yop.jpg","fecha_ingreso":"2025-05-23 17:47:43","habeas_data":0,"contacto":{"id":2,"miembro_id":1,"tipo_documento":"CC","numero_documento":"1032373186","telefono":"3042629153","pais":"Colombia","ciudad":"Bogota","direccion":"Carrera 82#24d-48","estado_civil":"Casado\/a","correo_electronico":"rafa.gzfr@gmail.com","instagram":"","facebook":"","notas":"","familiares":""},"estudios":{"id":2,"miembro_id":1,"nivel_estudios":"Tecn\u00f3logo","profesion":"Tecnologo en Desarrollo de Software","otros_estudios":"","empresa":"Sena","direccion_empresa":"","emprendimientos":""},"tallas":{"id":2,"miembro_id":1,"talla_camisa":"XXL","talla_camiseta":"","talla_pantalon":"36","talla_zapatos":"42"},"carrera":{"id":2,"miembro_id":1,"carrera_biblica":"","miembro_de":"","casa_de_palabra_y_vida":"","cobertura":"","estado":"Disc\u00edpulo","anotaciones":"","recorrido_espiritual":""}}
[30-May-2025 21:46:38 America/Bogota] ID detectado en URL: 1
[30-May-2025 21:46:38 America/Bogota] URL a procesar: 'uploads/miembros/68376fab49125_yop.jpg'
[30-May-2025 21:46:41 America/Bogota] URL a procesar: 'miembros/editar/1'
[30-May-2025 21:46:41 America/Bogota] Buscando miembro con ID: 1
[30-May-2025 21:46:41 America/Bogota] SQL: SELECT * FROM InformacionGeneral WHERE id = 1
[30-May-2025 21:46:41 America/Bogota] Miembro encontrado: {"id":1,"nombres":"Hernando Rafael","apellidos":"Gamez Fragozo","celular":"3042629153","localidad":"Bogota","barrio":"Modelia","fecha_nacimiento":"1986-11-01","invitado_por":null,"conector":"","recorrido_espiritual":"","estado_espiritual":"Disc\u00edpulo","foto":"68376fab49125_yop.jpg","fecha_ingreso":"2025-05-23 17:47:43","habeas_data":0}
[30-May-2025 21:46:43 America/Bogota] URL a procesar: 'miembros/editar/1'
[30-May-2025 21:46:43 America/Bogota] Buscando miembro con ID: 1
[30-May-2025 21:46:43 America/Bogota] SQL: SELECT * FROM InformacionGeneral WHERE id = 1
[30-May-2025 21:46:43 America/Bogota] Miembro encontrado: {"id":1,"nombres":"Hernando Rafael","apellidos":"Gamez Fragozo","celular":"3042629153","localidad":"Bogota","barrio":"Modelia","fecha_nacimiento":"1986-11-01","invitado_por":null,"conector":"","recorrido_espiritual":"","estado_espiritual":"Disc\u00edpulo","foto":"68376fab49125_yop.jpg","fecha_ingreso":"2025-05-23 17:47:43","habeas_data":0}
[30-May-2025 21:46:50 America/Bogota] URL a procesar: 'miembros/actualizar/1'
[30-May-2025 21:46:50 America/Bogota] PHP Warning:  Undefined array key 0 in C:\xampp\htdocs\ENCASA_DATABASE\app\Controllers\MiembrosController.php on line 243
[30-May-2025 21:46:50 America/Bogota] Iniciando actualización para miembro ID: 0
[30-May-2025 21:46:50 America/Bogota] Datos POST: {"nombres":"Hernando Rafael","apellidos":"Gamez Fragozo","celular":"3042629153","localidad":"Bogota","barrio":"Modelia","fecha_nacimiento":"1986-11-01","estado_espiritual":"Disc\u00edpulo","fecha_ingreso":"","recorrido_espiritual":"","contacto_id":"2","tipo_documento":"CC","numero_documento":"1032373186","telefono":"3042629153","correo_electronico":"rafa.gzfr@gmail.com","pais":"Colombia","ciudad":"Bogota","direccion":"Carrera 82#24d-48","estado_civil":"Casado\/a","estudios_id":"2","nivel_estudios":"Tecn\u00f3logo","profesion":"Tecnologo en Desarrollo de Software","otros_estudios":"","empresa":"Sena","direccion_empresa":"","emprendimientos":"","tallas_id":"2","talla_camisa":"XXL","talla_camiseta":"XXL","talla_pantalon":"36","talla_zapatos":"42","salud_id":"","rh":"","eps":"","acudiente1":"","telefono1":"","acudiente2":"","telefono2":"","carrera_id":"2","estado":"","carrera_biblica":"","miembro_de":"","casa_de_palabra_y_vida":"","cobertura":"","anotaciones":""}
[31-May-2025 08:38:59 America/Bogota] URL a procesar: ''
[31-May-2025 08:39:02 America/Bogota] URL a procesar: 'login'
[31-May-2025 08:39:19 America/Bogota] URL a procesar: 'auth/login'
[31-May-2025 08:39:22 America/Bogota] URL a procesar: 'auth/verify-login'
[31-May-2025 08:40:38 America/Bogota] URL a procesar: 'auth/verify-login'
[31-May-2025 08:40:39 America/Bogota] URL a procesar: ''
[31-May-2025 08:40:42 America/Bogota] URL a procesar: 'miembros'
[31-May-2025 08:40:46 America/Bogota] URL a procesar: 'miembros/1'
[31-May-2025 08:40:46 America/Bogota] Buscando miembro con ID: 1
[31-May-2025 08:40:46 America/Bogota] SQL: SELECT * FROM InformacionGeneral WHERE id = 1
[31-May-2025 08:40:46 America/Bogota] Miembro encontrado: {"id":1,"nombres":"Hernando Rafael","apellidos":"Gamez Fragozo","celular":"3042629153","localidad":"Bogota","barrio":"Modelia","fecha_nacimiento":"1986-11-01","invitado_por":null,"conector":"","recorrido_espiritual":"","estado_espiritual":"Disc\u00edpulo","foto":"68376fab49125_yop.jpg","fecha_ingreso":"2025-05-23 17:47:43","habeas_data":0}
[31-May-2025 08:40:46 America/Bogota] Datos del miembro: {"id":1,"nombres":"Hernando Rafael","apellidos":"Gamez Fragozo","celular":"3042629153","localidad":"Bogota","barrio":"Modelia","fecha_nacimiento":"1986-11-01","invitado_por":null,"conector":"","recorrido_espiritual":"","estado_espiritual":"Disc\u00edpulo","foto":"68376fab49125_yop.jpg","fecha_ingreso":"2025-05-23 17:47:43","habeas_data":0,"contacto":{"id":2,"miembro_id":1,"tipo_documento":"CC","numero_documento":"1032373186","telefono":"3042629153","pais":"Colombia","ciudad":"Bogota","direccion":"Carrera 82#24d-48","estado_civil":"Casado\/a","correo_electronico":"rafa.gzfr@gmail.com","instagram":"","facebook":"","notas":"","familiares":""},"estudios":{"id":2,"miembro_id":1,"nivel_estudios":"Tecn\u00f3logo","profesion":"Tecnologo en Desarrollo de Software","otros_estudios":"","empresa":"Sena","direccion_empresa":"","emprendimientos":""},"tallas":{"id":2,"miembro_id":1,"talla_camisa":"XXL","talla_camiseta":"","talla_pantalon":"36","talla_zapatos":"42"},"carrera":{"id":2,"miembro_id":1,"carrera_biblica":"","miembro_de":"","casa_de_palabra_y_vida":"","cobertura":"","estado":"Disc\u00edpulo","anotaciones":"","recorrido_espiritual":""}}
[31-May-2025 08:40:46 America/Bogota] ID detectado en URL: 1
[31-May-2025 08:40:46 America/Bogota] URL a procesar: 'uploads/miembros/68376fab49125_yop.jpg'
[31-May-2025 08:43:13 America/Bogota] URL a procesar: 'miembros/editar/1'
[31-May-2025 08:43:13 America/Bogota] Buscando miembro con ID: 1
[31-May-2025 08:43:13 America/Bogota] SQL: SELECT * FROM InformacionGeneral WHERE id = 1
[31-May-2025 08:43:14 America/Bogota] Miembro encontrado: {"id":1,"nombres":"Hernando Rafael","apellidos":"Gamez Fragozo","celular":"3042629153","localidad":"Bogota","barrio":"Modelia","fecha_nacimiento":"1986-11-01","invitado_por":null,"conector":"","recorrido_espiritual":"","estado_espiritual":"Disc\u00edpulo","foto":"68376fab49125_yop.jpg","fecha_ingreso":"2025-05-23 17:47:43","habeas_data":0}
[31-May-2025 08:44:11 America/Bogota] URL a procesar: 'miembros/actualizar/1'
[31-May-2025 08:44:11 America/Bogota] PHP Warning:  Undefined array key 0 in C:\xampp\htdocs\ENCASA_DATABASE\app\Controllers\MiembrosController.php on line 243
[31-May-2025 08:44:11 America/Bogota] Iniciando actualización para miembro ID: 0
[31-May-2025 08:44:11 America/Bogota] Datos POST: {"nombres":"Hernando Rafael","apellidos":"Gamez Fragozo","celular":"3042629153","localidad":"Bogota","barrio":"Modelia","fecha_nacimiento":"1986-11-01","estado_espiritual":"Disc\u00edpulo","fecha_ingreso":"","recorrido_espiritual":"","contacto_id":"2","tipo_documento":"CC","numero_documento":"1032373186","telefono":"3042629153","correo_electronico":"rafa.gzfr@gmail.com","pais":"Colombia","ciudad":"Bogota","direccion":"Carrera 82#24d-48","estado_civil":"Casado\/a","estudios_id":"2","nivel_estudios":"Tecn\u00f3logo","profesion":"Tecnologo en Desarrollo de Software","otros_estudios":"","empresa":"Sena","direccion_empresa":"","emprendimientos":"","tallas_id":"2","talla_camisa":"XXL","talla_camiseta":"XXL","talla_pantalon":"36","talla_zapatos":"42","salud_id":"","rh":"","eps":"","acudiente1":"","telefono1":"","acudiente2":"","telefono2":"","carrera_id":"2","estado":"","carrera_biblica":"","miembro_de":"","casa_de_palabra_y_vida":"","cobertura":"","anotaciones":""}
[31-May-2025 08:44:20 America/Bogota] URL a procesar: 'miembros/actualizar/1'
[31-May-2025 08:44:20 America/Bogota] PHP Warning:  Undefined array key 0 in C:\xampp\htdocs\ENCASA_DATABASE\app\Controllers\MiembrosController.php on line 243
[31-May-2025 08:44:20 America/Bogota] Iniciando actualización para miembro ID: 0
[31-May-2025 08:44:20 America/Bogota] Datos POST: {"nombres":"Hernando Rafael","apellidos":"Gamez Fragozo","celular":"3042629153","localidad":"Bogota","barrio":"Modelia","fecha_nacimiento":"1986-11-01","estado_espiritual":"Disc\u00edpulo","fecha_ingreso":"","recorrido_espiritual":"","contacto_id":"2","tipo_documento":"CC","numero_documento":"1032373186","telefono":"3042629153","correo_electronico":"rafa.gzfr@gmail.com","pais":"Colombia","ciudad":"Bogota","direccion":"Carrera 82#24d-48","estado_civil":"Casado\/a","estudios_id":"2","nivel_estudios":"Tecn\u00f3logo","profesion":"Tecnologo en Desarrollo de Software","otros_estudios":"","empresa":"Sena","direccion_empresa":"","emprendimientos":"","tallas_id":"2","talla_camisa":"XXL","talla_camiseta":"XXL","talla_pantalon":"36","talla_zapatos":"42","salud_id":"","rh":"","eps":"","acudiente1":"","telefono1":"","acudiente2":"","telefono2":"","carrera_id":"2","estado":"","carrera_biblica":"","miembro_de":"","casa_de_palabra_y_vida":"","cobertura":"","anotaciones":""}
[31-May-2025 08:45:06 America/Bogota] URL a procesar: ''
[31-May-2025 08:45:07 America/Bogota] URL a procesar: 'miembros'
[31-May-2025 08:45:11 America/Bogota] URL a procesar: 'miembros/1'
[31-May-2025 08:45:11 America/Bogota] Buscando miembro con ID: 1
[31-May-2025 08:45:11 America/Bogota] SQL: SELECT * FROM InformacionGeneral WHERE id = 1
[31-May-2025 08:45:11 America/Bogota] Miembro encontrado: {"id":1,"nombres":"Hernando Rafael","apellidos":"Gamez Fragozo","celular":"3042629153","localidad":"Bogota","barrio":"Modelia","fecha_nacimiento":"1986-11-01","invitado_por":null,"conector":"","recorrido_espiritual":"","estado_espiritual":"Disc\u00edpulo","foto":"68376fab49125_yop.jpg","fecha_ingreso":"2025-05-23 17:47:43","habeas_data":0}
[31-May-2025 08:45:11 America/Bogota] Datos del miembro: {"id":1,"nombres":"Hernando Rafael","apellidos":"Gamez Fragozo","celular":"3042629153","localidad":"Bogota","barrio":"Modelia","fecha_nacimiento":"1986-11-01","invitado_por":null,"conector":"","recorrido_espiritual":"","estado_espiritual":"Disc\u00edpulo","foto":"68376fab49125_yop.jpg","fecha_ingreso":"2025-05-23 17:47:43","habeas_data":0,"contacto":{"id":2,"miembro_id":1,"tipo_documento":"CC","numero_documento":"1032373186","telefono":"3042629153","pais":"Colombia","ciudad":"Bogota","direccion":"Carrera 82#24d-48","estado_civil":"Casado\/a","correo_electronico":"rafa.gzfr@gmail.com","instagram":"","facebook":"","notas":"","familiares":""},"estudios":{"id":2,"miembro_id":1,"nivel_estudios":"Tecn\u00f3logo","profesion":"Tecnologo en Desarrollo de Software","otros_estudios":"","empresa":"Sena","direccion_empresa":"","emprendimientos":""},"tallas":{"id":2,"miembro_id":1,"talla_camisa":"XXL","talla_camiseta":"","talla_pantalon":"36","talla_zapatos":"42"},"carrera":{"id":2,"miembro_id":1,"carrera_biblica":"","miembro_de":"","casa_de_palabra_y_vida":"","cobertura":"","estado":"Disc\u00edpulo","anotaciones":"","recorrido_espiritual":""}}
[31-May-2025 08:45:11 America/Bogota] ID detectado en URL: 1
[31-May-2025 08:45:12 America/Bogota] URL a procesar: 'uploads/miembros/68376fab49125_yop.jpg'
[31-May-2025 08:45:20 America/Bogota] URL a procesar: 'miembros/editar/1'
[31-May-2025 08:45:20 America/Bogota] Buscando miembro con ID: 1
[31-May-2025 08:45:20 America/Bogota] SQL: SELECT * FROM InformacionGeneral WHERE id = 1
[31-May-2025 08:45:20 America/Bogota] Miembro encontrado: {"id":1,"nombres":"Hernando Rafael","apellidos":"Gamez Fragozo","celular":"3042629153","localidad":"Bogota","barrio":"Modelia","fecha_nacimiento":"1986-11-01","invitado_por":null,"conector":"","recorrido_espiritual":"","estado_espiritual":"Disc\u00edpulo","foto":"68376fab49125_yop.jpg","fecha_ingreso":"2025-05-23 17:47:43","habeas_data":0}
[31-May-2025 08:45:26 America/Bogota] URL a procesar: 'miembros/actualizar/1'
[31-May-2025 08:45:26 America/Bogota] PHP Warning:  Undefined array key 0 in C:\xampp\htdocs\ENCASA_DATABASE\app\Controllers\MiembrosController.php on line 243
[31-May-2025 08:45:26 America/Bogota] Iniciando actualización para miembro ID: 0
[31-May-2025 08:45:26 America/Bogota] Datos POST: {"nombres":"Hernando Rafael","apellidos":"Gamez Fragozo","celular":"3042629153","localidad":"Bogota","barrio":"Modelia","fecha_nacimiento":"1986-11-01","estado_espiritual":"Disc\u00edpulo","fecha_ingreso":"","recorrido_espiritual":"","contacto_id":"2","tipo_documento":"CC","numero_documento":"1032373186","telefono":"3042629153","correo_electronico":"rafa.gzfr@gmail.com","pais":"Colombia","ciudad":"Bogota","direccion":"Carrera 82#24d-48","estado_civil":"Casado\/a","estudios_id":"2","nivel_estudios":"Tecn\u00f3logo","profesion":"Tecnologo en Desarrollo de Software","otros_estudios":"","empresa":"Sena","direccion_empresa":"","emprendimientos":"","tallas_id":"2","talla_camisa":"XXL","talla_camiseta":"XXL","talla_pantalon":"36","talla_zapatos":"42","salud_id":"","rh":"","eps":"","acudiente1":"","telefono1":"","acudiente2":"","telefono2":"","carrera_id":"2","estado":"","carrera_biblica":"","miembro_de":"","casa_de_palabra_y_vida":"","cobertura":"","anotaciones":""}
[31-May-2025 08:52:52 America/Bogota] URL a procesar: 'miembros/editar/1'
[31-May-2025 08:52:52 America/Bogota] Buscando miembro con ID: 1
[31-May-2025 08:52:52 America/Bogota] SQL: SELECT * FROM InformacionGeneral WHERE id = 1
[31-May-2025 08:52:52 America/Bogota] Miembro encontrado: {"id":1,"nombres":"Hernando Rafael","apellidos":"Gamez Fragozo","celular":"3042629153","localidad":"Bogota","barrio":"Modelia","fecha_nacimiento":"1986-11-01","invitado_por":null,"conector":"","recorrido_espiritual":"","estado_espiritual":"Disc\u00edpulo","foto":"68376fab49125_yop.jpg","fecha_ingreso":"2025-05-23 17:47:43","habeas_data":0}
[31-May-2025 08:52:58 America/Bogota] URL a procesar: 'miembros/actualizar/1'
[31-May-2025 08:52:58 America/Bogota] PHP Warning:  Undefined array key 0 in C:\xampp\htdocs\ENCASA_DATABASE\app\Controllers\MiembrosController.php on line 243
[31-May-2025 08:52:58 America/Bogota] Iniciando actualización para miembro ID: 0
[31-May-2025 08:52:58 America/Bogota] Datos POST: {"nombres":"Hernando Rafael","apellidos":"Gamez Fragozo","celular":"3042629153","localidad":"Bogota","barrio":"Modelia","fecha_nacimiento":"1986-11-01","estado_espiritual":"Disc\u00edpulo","fecha_ingreso":"","recorrido_espiritual":"","contacto_id":"2","tipo_documento":"CC","numero_documento":"1032373186","telefono":"3042629153","correo_electronico":"rafa.gzfr@gmail.com","pais":"Colombia","ciudad":"Bogota","direccion":"Carrera 82#24d-48","estado_civil":"Casado\/a","estudios_id":"2","nivel_estudios":"Tecn\u00f3logo","profesion":"Tecnologo en Desarrollo de Software","otros_estudios":"","empresa":"Sena","direccion_empresa":"","emprendimientos":"","tallas_id":"2","talla_camisa":"XXL","talla_camiseta":"XXL","talla_pantalon":"36","talla_zapatos":"42","salud_id":"","rh":"","eps":"","acudiente1":"","telefono1":"","acudiente2":"","telefono2":"","carrera_id":"2","estado":"","carrera_biblica":"","miembro_de":"","casa_de_palabra_y_vida":"","cobertura":"","anotaciones":""}
[31-May-2025 08:53:01 America/Bogota] URL a procesar: 'miembros/1'
[31-May-2025 08:53:01 America/Bogota] Buscando miembro con ID: 1
[31-May-2025 08:53:01 America/Bogota] SQL: SELECT * FROM InformacionGeneral WHERE id = 1
[31-May-2025 08:53:01 America/Bogota] Miembro encontrado: {"id":1,"nombres":"Hernando Rafael","apellidos":"Gamez Fragozo","celular":"3042629153","localidad":"Bogota","barrio":"Modelia","fecha_nacimiento":"1986-11-01","invitado_por":null,"conector":"","recorrido_espiritual":"","estado_espiritual":"Disc\u00edpulo","foto":"68376fab49125_yop.jpg","fecha_ingreso":"2025-05-23 17:47:43","habeas_data":0}
[31-May-2025 08:53:01 America/Bogota] Datos del miembro: {"id":1,"nombres":"Hernando Rafael","apellidos":"Gamez Fragozo","celular":"3042629153","localidad":"Bogota","barrio":"Modelia","fecha_nacimiento":"1986-11-01","invitado_por":null,"conector":"","recorrido_espiritual":"","estado_espiritual":"Disc\u00edpulo","foto":"68376fab49125_yop.jpg","fecha_ingreso":"2025-05-23 17:47:43","habeas_data":0,"contacto":{"id":2,"miembro_id":1,"tipo_documento":"CC","numero_documento":"1032373186","telefono":"3042629153","pais":"Colombia","ciudad":"Bogota","direccion":"Carrera 82#24d-48","estado_civil":"Casado\/a","correo_electronico":"rafa.gzfr@gmail.com","instagram":"","facebook":"","notas":"","familiares":""},"estudios":{"id":2,"miembro_id":1,"nivel_estudios":"Tecn\u00f3logo","profesion":"Tecnologo en Desarrollo de Software","otros_estudios":"","empresa":"Sena","direccion_empresa":"","emprendimientos":""},"tallas":{"id":2,"miembro_id":1,"talla_camisa":"XXL","talla_camiseta":"XXL","talla_pantalon":"36","talla_zapatos":"42"},"carrera":{"id":2,"miembro_id":1,"carrera_biblica":"","miembro_de":"","casa_de_palabra_y_vida":"","cobertura":"","estado":"Disc\u00edpulo","anotaciones":"","recorrido_espiritual":""}}
[31-May-2025 08:53:01 America/Bogota] ID detectado en URL: 1
[31-May-2025 08:53:03 America/Bogota] URL a procesar: 'uploads/miembros/68376fab49125_yop.jpg'
[31-May-2025 08:53:33 America/Bogota] URL a procesar: 'miembros/editar/1'
[31-May-2025 08:53:33 America/Bogota] Buscando miembro con ID: 1
[31-May-2025 08:53:33 America/Bogota] SQL: SELECT * FROM InformacionGeneral WHERE id = 1
[31-May-2025 08:53:33 America/Bogota] Miembro encontrado: {"id":1,"nombres":"Hernando Rafael","apellidos":"Gamez Fragozo","celular":"3042629153","localidad":"Bogota","barrio":"Modelia","fecha_nacimiento":"1986-11-01","invitado_por":null,"conector":"","recorrido_espiritual":"","estado_espiritual":"Disc\u00edpulo","foto":"68376fab49125_yop.jpg","fecha_ingreso":"2025-05-23 17:47:43","habeas_data":0}
[31-May-2025 08:54:37 America/Bogota] URL a procesar: 'miembros/actualizar/1'
[31-May-2025 08:54:37 America/Bogota] PHP Warning:  Undefined array key 0 in C:\xampp\htdocs\ENCASA_DATABASE\app\Controllers\MiembrosController.php on line 243
[31-May-2025 08:54:37 America/Bogota] Iniciando actualización para miembro ID: 0
[31-May-2025 08:54:37 America/Bogota] Datos POST: {"nombres":"Hernando Rafael","apellidos":"Gamez Fragozo","celular":"3042629153","localidad":"Bogota","barrio":"Modelia","fecha_nacimiento":"1986-11-01","estado_espiritual":"Disc\u00edpulo","fecha_ingreso":"2015-06-14","recorrido_espiritual":"Rafa Gamez lleva !0 a\u00f1os creciendo en Encasa. Vive en Modelia y sirve actualmente en conexi\u00f3n.","contacto_id":"2","tipo_documento":"CC","numero_documento":"1032373186","telefono":"3042629153","correo_electronico":"rafa.gzfr@gmail.com","pais":"Colombia","ciudad":"Bogota","direccion":"Carrera 82#24d-48","estado_civil":"Casado\/a","estudios_id":"2","nivel_estudios":"Tecn\u00f3logo","profesion":"Tecnologo en Desarrollo de Software","otros_estudios":"","empresa":"Sena","direccion_empresa":"","emprendimientos":"","tallas_id":"2","talla_camisa":"XXL","talla_camiseta":"XXL","talla_pantalon":"36","talla_zapatos":"42","salud_id":"","rh":"","eps":"","acudiente1":"","telefono1":"","acudiente2":"","telefono2":"","carrera_id":"2","estado":"","carrera_biblica":"","miembro_de":"","casa_de_palabra_y_vida":"","cobertura":"","anotaciones":""}
[31-May-2025 08:54:40 America/Bogota] URL a procesar: 'miembros/1'
[31-May-2025 08:54:40 America/Bogota] Buscando miembro con ID: 1
[31-May-2025 08:54:40 America/Bogota] SQL: SELECT * FROM InformacionGeneral WHERE id = 1
[31-May-2025 08:54:40 America/Bogota] Miembro encontrado: {"id":1,"nombres":"Hernando Rafael","apellidos":"Gamez Fragozo","celular":"3042629153","localidad":"Bogota","barrio":"Modelia","fecha_nacimiento":"1986-11-01","invitado_por":null,"conector":"","recorrido_espiritual":"Rafa Gamez lleva !0 a\u00f1os creciendo en Encasa. Vive en Modelia y sirve actualmente en conexi\u00f3n.","estado_espiritual":"Disc\u00edpulo","foto":"68376fab49125_yop.jpg","fecha_ingreso":"2025-05-23 17:47:43","habeas_data":0}
[31-May-2025 08:54:40 America/Bogota] Datos del miembro: {"id":1,"nombres":"Hernando Rafael","apellidos":"Gamez Fragozo","celular":"3042629153","localidad":"Bogota","barrio":"Modelia","fecha_nacimiento":"1986-11-01","invitado_por":null,"conector":"","recorrido_espiritual":"Rafa Gamez lleva !0 a\u00f1os creciendo en Encasa. Vive en Modelia y sirve actualmente en conexi\u00f3n.","estado_espiritual":"Disc\u00edpulo","foto":"68376fab49125_yop.jpg","fecha_ingreso":"2025-05-23 17:47:43","habeas_data":0,"contacto":{"id":2,"miembro_id":1,"tipo_documento":"CC","numero_documento":"1032373186","telefono":"3042629153","pais":"Colombia","ciudad":"Bogota","direccion":"Carrera 82#24d-48","estado_civil":"Casado\/a","correo_electronico":"rafa.gzfr@gmail.com","instagram":"","facebook":"","notas":"","familiares":""},"estudios":{"id":2,"miembro_id":1,"nivel_estudios":"Tecn\u00f3logo","profesion":"Tecnologo en Desarrollo de Software","otros_estudios":"","empresa":"Sena","direccion_empresa":"","emprendimientos":""},"tallas":{"id":2,"miembro_id":1,"talla_camisa":"XXL","talla_camiseta":"XXL","talla_pantalon":"36","talla_zapatos":"42"},"carrera":{"id":2,"miembro_id":1,"carrera_biblica":"","miembro_de":"","casa_de_palabra_y_vida":"","cobertura":"","estado":"Disc\u00edpulo","anotaciones":"","recorrido_espiritual":""}}
[31-May-2025 08:54:40 America/Bogota] ID detectado en URL: 1
[31-May-2025 08:54:40 America/Bogota] URL a procesar: 'uploads/miembros/68376fab49125_yop.jpg'
[31-May-2025 08:54:44 America/Bogota] URL a procesar: 'miembros/editar/1'
[31-May-2025 08:54:44 America/Bogota] Buscando miembro con ID: 1
[31-May-2025 08:54:44 America/Bogota] SQL: SELECT * FROM InformacionGeneral WHERE id = 1
[31-May-2025 08:54:44 America/Bogota] Miembro encontrado: {"id":1,"nombres":"Hernando Rafael","apellidos":"Gamez Fragozo","celular":"3042629153","localidad":"Bogota","barrio":"Modelia","fecha_nacimiento":"1986-11-01","invitado_por":null,"conector":"","recorrido_espiritual":"Rafa Gamez lleva !0 a\u00f1os creciendo en Encasa. Vive en Modelia y sirve actualmente en conexi\u00f3n.","estado_espiritual":"Disc\u00edpulo","foto":"68376fab49125_yop.jpg","fecha_ingreso":"2025-05-23 17:47:43","habeas_data":0}
[31-May-2025 08:55:02 America/Bogota] URL a procesar: 'miembros/actualizar/1'
[31-May-2025 08:55:02 America/Bogota] PHP Warning:  Undefined array key 0 in C:\xampp\htdocs\ENCASA_DATABASE\app\Controllers\MiembrosController.php on line 243
[31-May-2025 08:55:02 America/Bogota] Iniciando actualización para miembro ID: 0
[31-May-2025 08:55:02 America/Bogota] Datos POST: {"nombres":"Hernando Rafael","apellidos":"Gamez Fragozo","celular":"3042629153","localidad":"Bogota","barrio":"Modelia","fecha_nacimiento":"1986-11-01","estado_espiritual":"Disc\u00edpulo","fecha_ingreso":"2015-06-14","recorrido_espiritual":"Rafa Gamez lleva 10 a\u00f1os creciendo en Encasa. Vive en Modelia y sirve actualmente en conexi\u00f3n.","contacto_id":"2","tipo_documento":"CC","numero_documento":"1032373186","telefono":"3042629153","correo_electronico":"rafa.gzfr@gmail.com","pais":"Colombia","ciudad":"Bogota","direccion":"Carrera 82#24d-48","estado_civil":"Casado\/a","estudios_id":"2","nivel_estudios":"Tecn\u00f3logo","profesion":"Tecnologo en Desarrollo de Software","otros_estudios":"","empresa":"Sena","direccion_empresa":"","emprendimientos":"","tallas_id":"2","talla_camisa":"XXL","talla_camiseta":"XXL","talla_pantalon":"36","talla_zapatos":"42","salud_id":"","rh":"","eps":"","acudiente1":"","telefono1":"","acudiente2":"","telefono2":"","carrera_id":"2","estado":"","carrera_biblica":"","miembro_de":"","casa_de_palabra_y_vida":"","cobertura":"","anotaciones":""}
[31-May-2025 08:55:03 America/Bogota] URL a procesar: 'miembros/1'
[31-May-2025 08:55:03 America/Bogota] Buscando miembro con ID: 1
[31-May-2025 08:55:03 America/Bogota] SQL: SELECT * FROM InformacionGeneral WHERE id = 1
[31-May-2025 08:55:03 America/Bogota] Miembro encontrado: {"id":1,"nombres":"Hernando Rafael","apellidos":"Gamez Fragozo","celular":"3042629153","localidad":"Bogota","barrio":"Modelia","fecha_nacimiento":"1986-11-01","invitado_por":null,"conector":"","recorrido_espiritual":"Rafa Gamez lleva 10 a\u00f1os creciendo en Encasa. Vive en Modelia y sirve actualmente en conexi\u00f3n.","estado_espiritual":"Disc\u00edpulo","foto":"68376fab49125_yop.jpg","fecha_ingreso":"2025-05-23 17:47:43","habeas_data":0}
[31-May-2025 08:55:03 America/Bogota] Datos del miembro: {"id":1,"nombres":"Hernando Rafael","apellidos":"Gamez Fragozo","celular":"3042629153","localidad":"Bogota","barrio":"Modelia","fecha_nacimiento":"1986-11-01","invitado_por":null,"conector":"","recorrido_espiritual":"Rafa Gamez lleva 10 a\u00f1os creciendo en Encasa. Vive en Modelia y sirve actualmente en conexi\u00f3n.","estado_espiritual":"Disc\u00edpulo","foto":"68376fab49125_yop.jpg","fecha_ingreso":"2025-05-23 17:47:43","habeas_data":0,"contacto":{"id":2,"miembro_id":1,"tipo_documento":"CC","numero_documento":"1032373186","telefono":"3042629153","pais":"Colombia","ciudad":"Bogota","direccion":"Carrera 82#24d-48","estado_civil":"Casado\/a","correo_electronico":"rafa.gzfr@gmail.com","instagram":"","facebook":"","notas":"","familiares":""},"estudios":{"id":2,"miembro_id":1,"nivel_estudios":"Tecn\u00f3logo","profesion":"Tecnologo en Desarrollo de Software","otros_estudios":"","empresa":"Sena","direccion_empresa":"","emprendimientos":""},"tallas":{"id":2,"miembro_id":1,"talla_camisa":"XXL","talla_camiseta":"XXL","talla_pantalon":"36","talla_zapatos":"42"},"carrera":{"id":2,"miembro_id":1,"carrera_biblica":"","miembro_de":"","casa_de_palabra_y_vida":"","cobertura":"","estado":"Disc\u00edpulo","anotaciones":"","recorrido_espiritual":""}}
[31-May-2025 08:55:03 America/Bogota] ID detectado en URL: 1
[31-May-2025 08:55:04 America/Bogota] URL a procesar: 'uploads/miembros/68376fab49125_yop.jpg'
[31-May-2025 08:55:16 America/Bogota] URL a procesar: 'miembros/editar/1'
[31-May-2025 08:55:16 America/Bogota] Buscando miembro con ID: 1
[31-May-2025 08:55:16 America/Bogota] SQL: SELECT * FROM InformacionGeneral WHERE id = 1
[31-May-2025 08:55:16 America/Bogota] Miembro encontrado: {"id":1,"nombres":"Hernando Rafael","apellidos":"Gamez Fragozo","celular":"3042629153","localidad":"Bogota","barrio":"Modelia","fecha_nacimiento":"1986-11-01","invitado_por":null,"conector":"","recorrido_espiritual":"Rafa Gamez lleva 10 a\u00f1os creciendo en Encasa. Vive en Modelia y sirve actualmente en conexi\u00f3n.","estado_espiritual":"Disc\u00edpulo","foto":"68376fab49125_yop.jpg","fecha_ingreso":"2025-05-23 17:47:43","habeas_data":0}
[31-May-2025 08:55:59 America/Bogota] URL a procesar: 'miembros/actualizar/1'
[31-May-2025 08:55:59 America/Bogota] PHP Warning:  Undefined array key 0 in C:\xampp\htdocs\ENCASA_DATABASE\app\Controllers\MiembrosController.php on line 243
[31-May-2025 08:55:59 America/Bogota] Iniciando actualización para miembro ID: 0
[31-May-2025 08:55:59 America/Bogota] Datos POST: {"nombres":"Hernando Rafael","apellidos":"Gamez Fragozo","celular":"3042629153","localidad":"Bogota","barrio":"Modelia","fecha_nacimiento":"1986-11-01","estado_espiritual":"Disc\u00edpulo","fecha_ingreso":"","recorrido_espiritual":"Rafa Gamez lleva 10 a\u00f1os creciendo en Encasa. Vive en Modelia y sirve actualmente en conexi\u00f3n.","contacto_id":"2","tipo_documento":"CC","numero_documento":"1032373186","telefono":"3042629153","correo_electronico":"rafa.gzfr@gmail.com","pais":"Colombia","ciudad":"Bogota","direccion":"Carrera 82#24d-48","estado_civil":"Casado\/a","estudios_id":"2","nivel_estudios":"Tecn\u00f3logo","profesion":"Tecnologo en Desarrollo de Software","otros_estudios":"","empresa":"Sena","direccion_empresa":"","emprendimientos":"","tallas_id":"2","talla_camisa":"XXL","talla_camiseta":"XXL","talla_pantalon":"36","talla_zapatos":"42","salud_id":"","rh":"O+","eps":"Nueva Eps","acudiente1":"Hernando Leon Gamez Gonzalez","telefono1":"3112223223","acudiente2":"Gloria Lucia Fragozo Crespo","telefono2":"3106803049","carrera_id":"2","estado":"","carrera_biblica":"","miembro_de":"","casa_de_palabra_y_vida":"","cobertura":"","anotaciones":""}
[31-May-2025 08:56:01 America/Bogota] URL a procesar: 'miembros/1'
[31-May-2025 08:56:01 America/Bogota] Buscando miembro con ID: 1
[31-May-2025 08:56:01 America/Bogota] SQL: SELECT * FROM InformacionGeneral WHERE id = 1
[31-May-2025 08:56:01 America/Bogota] Miembro encontrado: {"id":1,"nombres":"Hernando Rafael","apellidos":"Gamez Fragozo","celular":"3042629153","localidad":"Bogota","barrio":"Modelia","fecha_nacimiento":"1986-11-01","invitado_por":null,"conector":"","recorrido_espiritual":"Rafa Gamez lleva 10 a\u00f1os creciendo en Encasa. Vive en Modelia y sirve actualmente en conexi\u00f3n.","estado_espiritual":"Disc\u00edpulo","foto":"68376fab49125_yop.jpg","fecha_ingreso":"2025-05-23 17:47:43","habeas_data":0}
[31-May-2025 08:56:01 America/Bogota] Datos del miembro: {"id":1,"nombres":"Hernando Rafael","apellidos":"Gamez Fragozo","celular":"3042629153","localidad":"Bogota","barrio":"Modelia","fecha_nacimiento":"1986-11-01","invitado_por":null,"conector":"","recorrido_espiritual":"Rafa Gamez lleva 10 a\u00f1os creciendo en Encasa. Vive en Modelia y sirve actualmente en conexi\u00f3n.","estado_espiritual":"Disc\u00edpulo","foto":"68376fab49125_yop.jpg","fecha_ingreso":"2025-05-23 17:47:43","habeas_data":0,"contacto":{"id":2,"miembro_id":1,"tipo_documento":"CC","numero_documento":"1032373186","telefono":"3042629153","pais":"Colombia","ciudad":"Bogota","direccion":"Carrera 82#24d-48","estado_civil":"Casado\/a","correo_electronico":"rafa.gzfr@gmail.com","instagram":"","facebook":"","notas":"","familiares":""},"estudios":{"id":2,"miembro_id":1,"nivel_estudios":"Tecn\u00f3logo","profesion":"Tecnologo en Desarrollo de Software","otros_estudios":"","empresa":"Sena","direccion_empresa":"","emprendimientos":""},"tallas":{"id":2,"miembro_id":1,"talla_camisa":"XXL","talla_camiseta":"XXL","talla_pantalon":"36","talla_zapatos":"42"},"carrera":{"id":2,"miembro_id":1,"carrera_biblica":"","miembro_de":"","casa_de_palabra_y_vida":"","cobertura":"","estado":"Disc\u00edpulo","anotaciones":"","recorrido_espiritual":""}}
[31-May-2025 08:56:01 America/Bogota] ID detectado en URL: 1
[31-May-2025 08:56:02 America/Bogota] URL a procesar: 'uploads/miembros/68376fab49125_yop.jpg'
[31-May-2025 08:56:05 America/Bogota] URL a procesar: 'miembros/1'
[31-May-2025 08:56:05 America/Bogota] Buscando miembro con ID: 1
[31-May-2025 08:56:05 America/Bogota] SQL: SELECT * FROM InformacionGeneral WHERE id = 1
[31-May-2025 08:56:05 America/Bogota] Miembro encontrado: {"id":1,"nombres":"Hernando Rafael","apellidos":"Gamez Fragozo","celular":"3042629153","localidad":"Bogota","barrio":"Modelia","fecha_nacimiento":"1986-11-01","invitado_por":null,"conector":"","recorrido_espiritual":"Rafa Gamez lleva 10 a\u00f1os creciendo en Encasa. Vive en Modelia y sirve actualmente en conexi\u00f3n.","estado_espiritual":"Disc\u00edpulo","foto":"68376fab49125_yop.jpg","fecha_ingreso":"2025-05-23 17:47:43","habeas_data":0}
[31-May-2025 08:56:05 America/Bogota] Datos del miembro: {"id":1,"nombres":"Hernando Rafael","apellidos":"Gamez Fragozo","celular":"3042629153","localidad":"Bogota","barrio":"Modelia","fecha_nacimiento":"1986-11-01","invitado_por":null,"conector":"","recorrido_espiritual":"Rafa Gamez lleva 10 a\u00f1os creciendo en Encasa. Vive en Modelia y sirve actualmente en conexi\u00f3n.","estado_espiritual":"Disc\u00edpulo","foto":"68376fab49125_yop.jpg","fecha_ingreso":"2025-05-23 17:47:43","habeas_data":0,"contacto":{"id":2,"miembro_id":1,"tipo_documento":"CC","numero_documento":"1032373186","telefono":"3042629153","pais":"Colombia","ciudad":"Bogota","direccion":"Carrera 82#24d-48","estado_civil":"Casado\/a","correo_electronico":"rafa.gzfr@gmail.com","instagram":"","facebook":"","notas":"","familiares":""},"estudios":{"id":2,"miembro_id":1,"nivel_estudios":"Tecn\u00f3logo","profesion":"Tecnologo en Desarrollo de Software","otros_estudios":"","empresa":"Sena","direccion_empresa":"","emprendimientos":""},"tallas":{"id":2,"miembro_id":1,"talla_camisa":"XXL","talla_camiseta":"XXL","talla_pantalon":"36","talla_zapatos":"42"},"carrera":{"id":2,"miembro_id":1,"carrera_biblica":"","miembro_de":"","casa_de_palabra_y_vida":"","cobertura":"","estado":"Disc\u00edpulo","anotaciones":"","recorrido_espiritual":""}}
[31-May-2025 08:56:05 America/Bogota] ID detectado en URL: 1
[31-May-2025 08:56:06 America/Bogota] URL a procesar: 'uploads/miembros/68376fab49125_yop.jpg'
[31-May-2025 08:58:37 America/Bogota] URL a procesar: 'miembros/editar/1'
[31-May-2025 08:58:37 America/Bogota] Buscando miembro con ID: 1
[31-May-2025 08:58:37 America/Bogota] SQL: SELECT * FROM InformacionGeneral WHERE id = 1
[31-May-2025 08:58:37 America/Bogota] Miembro encontrado: {"id":1,"nombres":"Hernando Rafael","apellidos":"Gamez Fragozo","celular":"3042629153","localidad":"Bogota","barrio":"Modelia","fecha_nacimiento":"1986-11-01","invitado_por":null,"conector":"","recorrido_espiritual":"Rafa Gamez lleva 10 a\u00f1os creciendo en Encasa. Vive en Modelia y sirve actualmente en conexi\u00f3n.","estado_espiritual":"Disc\u00edpulo","foto":"68376fab49125_yop.jpg","fecha_ingreso":"2025-05-23 17:47:43","habeas_data":0}
[31-May-2025 08:58:50 America/Bogota] URL a procesar: 'miembros/actualizar/1'
[31-May-2025 08:58:50 America/Bogota] PHP Warning:  Undefined array key 0 in C:\xampp\htdocs\ENCASA_DATABASE\app\Controllers\MiembrosController.php on line 243
[31-May-2025 08:58:50 America/Bogota] Iniciando actualización para miembro ID: 0
[31-May-2025 08:58:50 America/Bogota] Datos POST: {"nombres":"Hernando Rafael","apellidos":"Gamez Fragozo","celular":"3042629153","localidad":"Bogota","barrio":"Modelia","fecha_nacimiento":"1986-11-01","estado_espiritual":"Disc\u00edpulo","fecha_ingreso":"2015-06-14","recorrido_espiritual":"Rafa Gamez lleva 10 a\u00f1os creciendo en Encasa. Vive en Modelia y sirve actualmente en conexi\u00f3n.","contacto_id":"2","tipo_documento":"CC","numero_documento":"1032373186","telefono":"3042629153","correo_electronico":"rafa.gzfr@gmail.com","pais":"Colombia","ciudad":"Bogota","direccion":"Carrera 82#24d-48","estado_civil":"Casado\/a","estudios_id":"2","nivel_estudios":"Tecn\u00f3logo","profesion":"Tecnologo en Desarrollo de Software","otros_estudios":"","empresa":"Sena","direccion_empresa":"","emprendimientos":"","tallas_id":"2","talla_camisa":"XXL","talla_camiseta":"XXL","talla_pantalon":"36","talla_zapatos":"42","salud_id":"","rh":"","eps":"","acudiente1":"","telefono1":"","acudiente2":"","telefono2":"","carrera_id":"2","estado":"","carrera_biblica":"","miembro_de":"","casa_de_palabra_y_vida":"","cobertura":"","anotaciones":""}
[31-May-2025 09:03:15 America/Bogota] URL a procesar: 'miembros/editar/1'
[31-May-2025 09:03:15 America/Bogota] Buscando miembro con ID: 1
[31-May-2025 09:03:15 America/Bogota] SQL: SELECT * FROM InformacionGeneral WHERE id = 1
[31-May-2025 09:03:15 America/Bogota] Miembro encontrado: {"id":1,"nombres":"Hernando Rafael","apellidos":"Gamez Fragozo","celular":"3042629153","localidad":"Bogota","barrio":"Modelia","fecha_nacimiento":"1986-11-01","invitado_por":null,"conector":"","recorrido_espiritual":"Rafa Gamez lleva 10 a\u00f1os creciendo en Encasa. Vive en Modelia y sirve actualmente en conexi\u00f3n.","estado_espiritual":"Disc\u00edpulo","foto":"68376fab49125_yop.jpg","fecha_ingreso":"2025-05-23 17:47:43","habeas_data":0}
[31-May-2025 09:03:40 America/Bogota] URL a procesar: 'miembros/actualizar/1'
[31-May-2025 09:03:40 America/Bogota] PHP Warning:  Undefined array key 0 in C:\xampp\htdocs\ENCASA_DATABASE\app\Controllers\MiembrosController.php on line 243
[31-May-2025 09:03:40 America/Bogota] Iniciando actualización para miembro ID: 0
[31-May-2025 09:03:40 America/Bogota] Datos POST: {"nombres":"Hernando Rafael","apellidos":"Gamez Fragozo","celular":"3042629153","localidad":"Bogota","barrio":"Modelia","fecha_nacimiento":"1986-11-01","estado_espiritual":"Disc\u00edpulo","fecha_ingreso":"2015-06-14","recorrido_espiritual":"Rafa Gamez lleva 10 a\u00f1os creciendo en Encasa. Vive en Modelia y sirve actualmente en conexi\u00f3n.","contacto_id":"2","tipo_documento":"CC","numero_documento":"1032373186","telefono":"3042629153","correo_electronico":"rafa.gzfr@gmail.com","pais":"Colombia","ciudad":"Bogota","direccion":"Carrera 82#24d-48","estado_civil":"Casado\/a","estudios_id":"2","nivel_estudios":"Tecn\u00f3logo","profesion":"Tecnologo en Desarrollo de Software","otros_estudios":"","empresa":"Sena","direccion_empresa":"","emprendimientos":"","tallas_id":"2","talla_camisa":"XXL","talla_camiseta":"XXL","talla_pantalon":"36","talla_zapatos":"42","salud_id":"","rh":"","eps":"","acudiente1":"","telefono1":"","acudiente2":"","telefono2":"","carrera_id":"2","estado":"","carrera_biblica":"","miembro_de":"","casa_de_palabra_y_vida":"","cobertura":"","anotaciones":""}
[31-May-2025 09:03:42 America/Bogota] URL a procesar: 'miembros/1'
[31-May-2025 09:03:42 America/Bogota] Buscando miembro con ID: 1
[31-May-2025 09:03:42 America/Bogota] SQL: SELECT * FROM InformacionGeneral WHERE id = 1
[31-May-2025 09:03:42 America/Bogota] Miembro encontrado: {"id":1,"nombres":"Hernando Rafael","apellidos":"Gamez Fragozo","celular":"3042629153","localidad":"Bogota","barrio":"Modelia","fecha_nacimiento":"1986-11-01","invitado_por":null,"conector":"","recorrido_espiritual":"Rafa Gamez lleva 10 a\u00f1os creciendo en Encasa. Vive en Modelia y sirve actualmente en conexi\u00f3n.","estado_espiritual":"Disc\u00edpulo","foto":"68376fab49125_yop.jpg","fecha_ingreso":"2025-05-23 17:47:43","habeas_data":0}
[31-May-2025 09:03:42 America/Bogota] Datos del miembro: {"id":1,"nombres":"Hernando Rafael","apellidos":"Gamez Fragozo","celular":"3042629153","localidad":"Bogota","barrio":"Modelia","fecha_nacimiento":"1986-11-01","invitado_por":null,"conector":"","recorrido_espiritual":"Rafa Gamez lleva 10 a\u00f1os creciendo en Encasa. Vive en Modelia y sirve actualmente en conexi\u00f3n.","estado_espiritual":"Disc\u00edpulo","foto":"68376fab49125_yop.jpg","fecha_ingreso":"2025-05-23 17:47:43","habeas_data":0,"contacto":{"id":2,"miembro_id":1,"tipo_documento":"CC","numero_documento":"1032373186","telefono":"3042629153","pais":"Colombia","ciudad":"Bogota","direccion":"Carrera 82#24d-48","estado_civil":"Casado\/a","correo_electronico":"rafa.gzfr@gmail.com","instagram":"","facebook":"","notas":"","familiares":""},"estudios":{"id":2,"miembro_id":1,"nivel_estudios":"Tecn\u00f3logo","profesion":"Tecnologo en Desarrollo de Software","otros_estudios":"","empresa":"Sena","direccion_empresa":"","emprendimientos":""},"tallas":{"id":2,"miembro_id":1,"talla_camisa":"XXL","talla_camiseta":"XXL","talla_pantalon":"36","talla_zapatos":"42"},"carrera":{"id":2,"miembro_id":1,"carrera_biblica":"","miembro_de":"","casa_de_palabra_y_vida":"","cobertura":"","estado":"","anotaciones":"","recorrido_espiritual":""}}
[31-May-2025 09:03:42 America/Bogota] ID detectado en URL: 1
[31-May-2025 09:03:43 America/Bogota] URL a procesar: 'uploads/miembros/68376fab49125_yop.jpg'
[31-May-2025 09:03:54 America/Bogota] URL a procesar: 'miembros/editar/1'
[31-May-2025 09:03:54 America/Bogota] Buscando miembro con ID: 1
[31-May-2025 09:03:54 America/Bogota] SQL: SELECT * FROM InformacionGeneral WHERE id = 1
[31-May-2025 09:03:54 America/Bogota] Miembro encontrado: {"id":1,"nombres":"Hernando Rafael","apellidos":"Gamez Fragozo","celular":"3042629153","localidad":"Bogota","barrio":"Modelia","fecha_nacimiento":"1986-11-01","invitado_por":null,"conector":"","recorrido_espiritual":"Rafa Gamez lleva 10 a\u00f1os creciendo en Encasa. Vive en Modelia y sirve actualmente en conexi\u00f3n.","estado_espiritual":"Disc\u00edpulo","foto":"68376fab49125_yop.jpg","fecha_ingreso":"2025-05-23 17:47:43","habeas_data":0}
[31-May-2025 09:04:03 America/Bogota] URL a procesar: 'miembros/actualizar/1'
[31-May-2025 09:04:03 America/Bogota] PHP Warning:  Undefined array key 0 in C:\xampp\htdocs\ENCASA_DATABASE\app\Controllers\MiembrosController.php on line 243
[31-May-2025 09:04:03 America/Bogota] Iniciando actualización para miembro ID: 0
[31-May-2025 09:04:03 America/Bogota] Datos POST: {"nombres":"Hernando Rafael","apellidos":"Gamez Fragozo","celular":"3042629153","localidad":"Bogota","barrio":"Modelia","fecha_nacimiento":"1986-11-01","estado_espiritual":"Disc\u00edpulo","fecha_ingreso":"","recorrido_espiritual":"Rafa Gamez lleva 10 a\u00f1os creciendo en Encasa. Vive en Modelia y sirve actualmente en conexi\u00f3n.","contacto_id":"2","tipo_documento":"CC","numero_documento":"1032373186","telefono":"3042629153","correo_electronico":"rafa.gzfr@gmail.com","pais":"Colombia","ciudad":"Bogota","direccion":"Carrera 82#24d-48","estado_civil":"Casado\/a","estudios_id":"2","nivel_estudios":"Tecn\u00f3logo","profesion":"Tecnologo en Desarrollo de Software","otros_estudios":"","empresa":"Sena","direccion_empresa":"","emprendimientos":"","tallas_id":"2","talla_camisa":"XXL","talla_camiseta":"XXL","talla_pantalon":"36","talla_zapatos":"42","salud_id":"","rh":"O+","eps":"Nueva Eps","acudiente1":"","telefono1":"","acudiente2":"","telefono2":"","carrera_id":"2","estado":"","carrera_biblica":"","miembro_de":"","casa_de_palabra_y_vida":"","cobertura":"","anotaciones":""}
[31-May-2025 09:04:05 America/Bogota] URL a procesar: 'miembros/1'
[31-May-2025 09:04:05 America/Bogota] Buscando miembro con ID: 1
[31-May-2025 09:04:05 America/Bogota] SQL: SELECT * FROM InformacionGeneral WHERE id = 1
[31-May-2025 09:04:05 America/Bogota] Miembro encontrado: {"id":1,"nombres":"Hernando Rafael","apellidos":"Gamez Fragozo","celular":"3042629153","localidad":"Bogota","barrio":"Modelia","fecha_nacimiento":"1986-11-01","invitado_por":null,"conector":"","recorrido_espiritual":"Rafa Gamez lleva 10 a\u00f1os creciendo en Encasa. Vive en Modelia y sirve actualmente en conexi\u00f3n.","estado_espiritual":"Disc\u00edpulo","foto":"68376fab49125_yop.jpg","fecha_ingreso":"2025-05-23 17:47:43","habeas_data":0}
[31-May-2025 09:04:05 America/Bogota] Datos del miembro: {"id":1,"nombres":"Hernando Rafael","apellidos":"Gamez Fragozo","celular":"3042629153","localidad":"Bogota","barrio":"Modelia","fecha_nacimiento":"1986-11-01","invitado_por":null,"conector":"","recorrido_espiritual":"Rafa Gamez lleva 10 a\u00f1os creciendo en Encasa. Vive en Modelia y sirve actualmente en conexi\u00f3n.","estado_espiritual":"Disc\u00edpulo","foto":"68376fab49125_yop.jpg","fecha_ingreso":"2025-05-23 17:47:43","habeas_data":0,"contacto":{"id":2,"miembro_id":1,"tipo_documento":"CC","numero_documento":"1032373186","telefono":"3042629153","pais":"Colombia","ciudad":"Bogota","direccion":"Carrera 82#24d-48","estado_civil":"Casado\/a","correo_electronico":"rafa.gzfr@gmail.com","instagram":"","facebook":"","notas":"","familiares":""},"estudios":{"id":2,"miembro_id":1,"nivel_estudios":"Tecn\u00f3logo","profesion":"Tecnologo en Desarrollo de Software","otros_estudios":"","empresa":"Sena","direccion_empresa":"","emprendimientos":""},"tallas":{"id":2,"miembro_id":1,"talla_camisa":"XXL","talla_camiseta":"XXL","talla_pantalon":"36","talla_zapatos":"42"},"carrera":{"id":2,"miembro_id":1,"carrera_biblica":"","miembro_de":"","casa_de_palabra_y_vida":"","cobertura":"","estado":"","anotaciones":"","recorrido_espiritual":""}}
[31-May-2025 09:04:05 America/Bogota] ID detectado en URL: 1
[31-May-2025 09:04:05 America/Bogota] URL a procesar: 'uploads/miembros/68376fab49125_yop.jpg'
[31-May-2025 09:09:23 America/Bogota] URL a procesar: 'miembros/1'
[31-May-2025 09:09:23 America/Bogota] PHP Warning:  Undefined array key 0 in C:\xampp\htdocs\ENCASA_DATABASE\app\Controllers\MiembrosController.php on line 184
[31-May-2025 09:09:23 America/Bogota] PHP Fatal error:  Uncaught Error: Call to undefined method App\Controllers\MiembrosController::renderError() in C:\xampp\htdocs\ENCASA_DATABASE\app\Controllers\MiembrosController.php:201
Stack trace:
#0 C:\xampp\htdocs\ENCASA_DATABASE\app\helpers\Router.php(131): App\Controllers\MiembrosController->ver(0)
#1 C:\xampp\htdocs\ENCASA_DATABASE\index.php(65): App\Helpers\Router->dispatch()
#2 {main}
  thrown in C:\xampp\htdocs\ENCASA_DATABASE\app\Controllers\MiembrosController.php on line 201
[31-May-2025 09:11:57 America/Bogota] URL a procesar: 'miembros/1'
[31-May-2025 09:11:57 America/Bogota] PHP Warning:  Undefined array key 0 in C:\xampp\htdocs\ENCASA_DATABASE\app\Controllers\MiembrosController.php on line 184
[31-May-2025 09:12:03 America/Bogota] URL a procesar: ''
[31-May-2025 09:12:05 America/Bogota] URL a procesar: 'miembros'
[31-May-2025 09:12:07 America/Bogota] URL a procesar: 'miembros/1'
[31-May-2025 09:12:07 America/Bogota] PHP Warning:  Undefined array key 0 in C:\xampp\htdocs\ENCASA_DATABASE\app\Controllers\MiembrosController.php on line 184
[31-May-2025 09:14:22 America/Bogota] URL a procesar: 'miembros/1'
[31-May-2025 09:14:25 America/Bogota] URL a procesar: ''
[31-May-2025 09:14:26 America/Bogota] URL a procesar: 'miembros'
[31-May-2025 09:14:29 America/Bogota] URL a procesar: 'miembros/1'
[31-May-2025 09:19:08 America/Bogota] URL a procesar: 'miembros'
[31-May-2025 09:19:10 America/Bogota] URL a procesar: 'miembros/1'
[31-May-2025 09:19:11 America/Bogota] URL a procesar: ''
[31-May-2025 09:19:13 America/Bogota] URL a procesar: ''
[31-May-2025 09:19:15 America/Bogota] URL a procesar: 'miembros'
[31-May-2025 09:19:17 America/Bogota] URL a procesar: 'miembros/1'
[31-May-2025 09:19:21 America/Bogota] URL a procesar: ''
[31-May-2025 09:23:11 America/Bogota] URL a procesar: 'miembros'
[31-May-2025 09:23:13 America/Bogota] URL a procesar: 'miembros/1'
[31-May-2025 09:23:18 America/Bogota] URL a procesar: 'miembros'
[31-May-2025 09:23:22 America/Bogota] URL a procesar: 'miembros/1'
[31-May-2025 09:25:52 America/Bogota] URL a procesar: ''
[31-May-2025 09:25:54 America/Bogota] URL a procesar: 'miembros'
[31-May-2025 09:25:56 America/Bogota] URL a procesar: 'miembros/1'
[31-May-2025 09:34:03 America/Bogota] URL a procesar: 'miembros/actualizar/1'
[31-May-2025 09:34:03 America/Bogota] Iniciando actualización para miembro ID: 1
[31-May-2025 09:34:03 America/Bogota] Datos POST: {"nombres":"Hernando Rafael","apellidos":"Gamez Fragozo","celular":"3042629153","localidad":"Bogota","barrio":"Modelia","fecha_nacimiento":"1986-11-01","estado_espiritual":"Disc\u00edpulo","fecha_ingreso":"","recorrido_espiritual":"","contacto_id":"2","tipo_documento":"CC","numero_documento":"1032373186","telefono":"3042629153","correo_electronico":"rafa.gzfr@gmail.com","pais":"Colombia","ciudad":"Bogota","direccion":"Carrera 82#24d-48","estado_civil":"Casado\/a","estudios_id":"2","nivel_estudios":"Tecn\u00f3logo","profesion":"Tecnologo en Desarrollo de Software","otros_estudios":"","empresa":"Sena","direccion_empresa":"","emprendimientos":"","tallas_id":"2","talla_camisa":"XXL","talla_camiseta":"XXL","talla_pantalon":"42","talla_zapatos":"42","salud_id":"","rh":"","eps":"","acudiente1":"","telefono1":"","acudiente2":"","telefono2":"","carrera_id":"2","estado":"","carrera_biblica":"","miembro_de":"","casa_de_palabra_y_vida":"","cobertura":"","anotaciones":""}
[31-May-2025 09:34:08 America/Bogota] URL a procesar: 'miembros/1'
[31-May-2025 09:34:08 America/Bogota] Buscando miembro con ID: 1
[31-May-2025 09:34:08 America/Bogota] ID detectado en URL: 1
[31-May-2025 09:34:09 America/Bogota] URL a procesar: 'uploads/miembros/68376fab49125_yop.jpg'
[31-May-2025 09:34:19 America/Bogota] URL a procesar: 'miembros/1'
[31-May-2025 09:34:19 America/Bogota] Buscando miembro con ID: 1
[31-May-2025 09:34:19 America/Bogota] ID detectado en URL: 1
[31-May-2025 09:34:19 America/Bogota] URL a procesar: 'uploads/miembros/68376fab49125_yop.jpg'
[31-May-2025 09:34:27 America/Bogota] URL a procesar: 'miembros/1'
[31-May-2025 09:34:27 America/Bogota] Buscando miembro con ID: 1
[31-May-2025 09:34:27 America/Bogota] ID detectado en URL: 1
[31-May-2025 09:34:28 America/Bogota] URL a procesar: 'uploads/miembros/68376fab49125_yop.jpg'
[31-May-2025 09:34:38 America/Bogota] URL a procesar: 'miembros'
[31-May-2025 09:34:40 America/Bogota] URL a procesar: 'miembros/1'
[31-May-2025 09:34:40 America/Bogota] Buscando miembro con ID: 1
[31-May-2025 09:34:40 America/Bogota] ID detectado en URL: 1
[31-May-2025 09:34:41 America/Bogota] URL a procesar: 'uploads/miembros/68376fab49125_yop.jpg'
[31-May-2025 09:39:48 America/Bogota] URL a procesar: 'miembros/1'
[31-May-2025 09:39:48 America/Bogota] Buscando miembro con ID: 1
[31-May-2025 09:39:48 America/Bogota] ID detectado en URL: 1
[31-May-2025 09:39:48 America/Bogota] URL a procesar: 'uploads/miembros/68376fab49125_yop.jpg'
[31-May-2025 09:40:04 America/Bogota] URL a procesar: 'miembros/editar/1'
[31-May-2025 09:40:04 America/Bogota] Buscando miembro con ID: 1
[31-May-2025 09:40:59 America/Bogota] URL a procesar: 'miembros/actualizar/1'
[31-May-2025 09:40:59 America/Bogota] Iniciando actualización para miembro ID: 1
[31-May-2025 09:40:59 America/Bogota] Datos POST: {"nombres":"Hernando Rafael","apellidos":"Gamez Fragozo","celular":"3042629153","localidad":"Bogota","barrio":"Modelia","fecha_nacimiento":"1986-11-01","estado_espiritual":"Disc\u00edpulo","fecha_ingreso":"2015-06-14","recorrido_espiritual":"Rafa Gamez lleva casi 10 a\u00f1os en encasa, ahora sirve en conexion y staff.","contacto_id":"2","tipo_documento":"CC","numero_documento":"1032373186","telefono":"3042629153","correo_electronico":"rafa.gzfr@gmail.com","pais":"Colombia","ciudad":"Bogota","direccion":"Carrera 82#24d-48","estado_civil":"Casado\/a","estudios_id":"","nivel_estudios":"","profesion":"","otros_estudios":"","empresa":"","direccion_empresa":"","emprendimientos":"","tallas_id":"2","talla_camisa":"XXL","talla_camiseta":"XXL","talla_pantalon":"42","talla_zapatos":"42","salud_id":"","rh":"","eps":"","acudiente1":"","telefono1":"","acudiente2":"","telefono2":"","carrera_id":"","estado":"","carrera_biblica":"","miembro_de":"Iglesia En Casa","casa_de_palabra_y_vida":"","cobertura":"","anotaciones":""}
[31-May-2025 09:41:02 America/Bogota] URL a procesar: 'miembros/1'
[31-May-2025 09:41:02 America/Bogota] Buscando miembro con ID: 1
[31-May-2025 09:41:02 America/Bogota] ID detectado en URL: 1
[31-May-2025 09:41:02 America/Bogota] URL a procesar: 'miembros/1'
[31-May-2025 09:41:02 America/Bogota] Buscando miembro con ID: 1
[31-May-2025 09:41:02 America/Bogota] ID detectado en URL: 1
[31-May-2025 09:41:02 America/Bogota] URL a procesar: 'uploads/miembros/68376fab49125_yop.jpg'
[31-May-2025 09:41:12 America/Bogota] URL a procesar: 'miembros/editar/1'
[31-May-2025 09:41:12 America/Bogota] Buscando miembro con ID: 1
[31-May-2025 09:41:51 America/Bogota] URL a procesar: 'miembros/actualizar/1'
[31-May-2025 09:41:51 America/Bogota] Iniciando actualización para miembro ID: 1
[31-May-2025 09:41:51 America/Bogota] Datos POST: {"nombres":"Hernando Rafael","apellidos":"Gamez Fragozo","celular":"3042629153","localidad":"Bogota","barrio":"Modelia","fecha_nacimiento":"1986-11-01","estado_espiritual":"Disc\u00edpulo","fecha_ingreso":"","recorrido_espiritual":"Rafa Gamez lleva casi 10 a\u00f1os en encasa, ahora sirve en conexion y staff.","contacto_id":"2","tipo_documento":"CC","numero_documento":"1032373186","telefono":"3042629153","correo_electronico":"rafa.gzfr@gmail.com","pais":"Colombia","ciudad":"Bogota","direccion":"Carrera 82#24d-48","estado_civil":"Casado\/a","estudios_id":"","nivel_estudios":"Tecn\u00f3logo","profesion":"Tecnologo en Desarrollo de Software","otros_estudios":"Ingles B1 intermedio b\u00e1sico","empresa":"Uber","direccion_empresa":"","emprendimientos":"","tallas_id":"2","talla_camisa":"XXL","talla_camiseta":"XXL","talla_pantalon":"42","talla_zapatos":"42","salud_id":"","rh":"","eps":"","acudiente1":"","telefono1":"","acudiente2":"","telefono2":"","carrera_id":"","estado":"","carrera_biblica":"","miembro_de":"Iglesia En Casa","casa_de_palabra_y_vida":"","cobertura":"","anotaciones":""}
[31-May-2025 09:41:54 America/Bogota] URL a procesar: 'miembros/1'
[31-May-2025 09:41:54 America/Bogota] Buscando miembro con ID: 1
[31-May-2025 09:41:54 America/Bogota] ID detectado en URL: 1
[31-May-2025 09:41:54 America/Bogota] URL a procesar: 'miembros/1'
[31-May-2025 09:41:54 America/Bogota] Buscando miembro con ID: 1
[31-May-2025 09:41:54 America/Bogota] ID detectado en URL: 1
[31-May-2025 09:41:54 America/Bogota] URL a procesar: 'uploads/miembros/68376fab49125_yop.jpg'
[31-May-2025 09:42:09 America/Bogota] URL a procesar: 'miembros/editar/1'
[31-May-2025 09:42:09 America/Bogota] Buscando miembro con ID: 1
[31-May-2025 09:42:48 America/Bogota] URL a procesar: 'miembros/actualizar/1'
[31-May-2025 09:42:48 America/Bogota] Iniciando actualización para miembro ID: 1
[31-May-2025 09:42:48 America/Bogota] Datos POST: {"nombres":"Hernando Rafael","apellidos":"Gamez Fragozo","celular":"3042629153","localidad":"Bogota","barrio":"Modelia","fecha_nacimiento":"1986-11-01","estado_espiritual":"Disc\u00edpulo","fecha_ingreso":"","recorrido_espiritual":"Rafa Gamez lleva casi 10 a\u00f1os en encasa, ahora sirve en conexion y staff.","contacto_id":"2","tipo_documento":"CC","numero_documento":"1032373186","telefono":"3042629153","correo_electronico":"rafa.gzfr@gmail.com","pais":"Colombia","ciudad":"Bogota","direccion":"Carrera 82#24d-48","estado_civil":"Casado\/a","estudios_id":"","nivel_estudios":"","profesion":"","otros_estudios":"","empresa":"","direccion_empresa":"","emprendimientos":"","tallas_id":"2","talla_camisa":"XXL","talla_camiseta":"XXL","talla_pantalon":"42","talla_zapatos":"42","salud_id":"","rh":"O+","eps":"Nueva Eps","acudiente1":"Yohana Paola Villa Ocampo","telefono1":"3045977547","acudiente2":"Gloria Lucia Fragozo Crespo","telefono2":"3106803049","carrera_id":"","estado":"","carrera_biblica":"","miembro_de":"Iglesia En Casa","casa_de_palabra_y_vida":"","cobertura":"","anotaciones":""}
[31-May-2025 09:42:51 America/Bogota] URL a procesar: 'miembros/1'
[31-May-2025 09:42:51 America/Bogota] Buscando miembro con ID: 1
[31-May-2025 09:42:51 America/Bogota] ID detectado en URL: 1
[31-May-2025 09:42:51 America/Bogota] URL a procesar: 'miembros/1'
[31-May-2025 09:42:51 America/Bogota] Buscando miembro con ID: 1
[31-May-2025 09:42:51 America/Bogota] ID detectado en URL: 1
[31-May-2025 09:42:51 America/Bogota] URL a procesar: 'uploads/miembros/68376fab49125_yop.jpg'
[31-May-2025 09:42:58 America/Bogota] URL a procesar: 'miembros/editar/1'
[31-May-2025 09:42:58 America/Bogota] Buscando miembro con ID: 1
[31-May-2025 09:43:41 America/Bogota] URL a procesar: 'miembros/actualizar/1'
[31-May-2025 09:43:41 America/Bogota] Iniciando actualización para miembro ID: 1
[31-May-2025 09:43:41 America/Bogota] Datos POST: {"nombres":"Hernando Rafael","apellidos":"Gamez Fragozo","celular":"3042629153","localidad":"Bogota","barrio":"Modelia","fecha_nacimiento":"1986-11-01","estado_espiritual":"Disc\u00edpulo","fecha_ingreso":"","recorrido_espiritual":"Rafa Gamez lleva casi 10 a\u00f1os en encasa, ahora sirve en conexion y staff.","contacto_id":"2","tipo_documento":"CC","numero_documento":"1032373186","telefono":"3042629153","correo_electronico":"rafa.gzfr@gmail.com","pais":"Colombia","ciudad":"Bogota","direccion":"Carrera 82#24d-48","estado_civil":"Casado\/a","estudios_id":"","nivel_estudios":"","profesion":"","otros_estudios":"","empresa":"","direccion_empresa":"","emprendimientos":"","tallas_id":"2","talla_camisa":"XXL","talla_camiseta":"XXL","talla_pantalon":"42","talla_zapatos":"42","salud_id":"","rh":"","eps":"","acudiente1":"","telefono1":"","acudiente2":"","telefono2":"","carrera_id":"","estado":"Activo","carrera_biblica":"Discipulado","miembro_de":"Iglesia En Casa","casa_de_palabra_y_vida":"Hayuelos","cobertura":"Pastor Javier Aponte","anotaciones":""}
[31-May-2025 09:43:43 America/Bogota] URL a procesar: 'miembros/1'
[31-May-2025 09:43:43 America/Bogota] Buscando miembro con ID: 1
[31-May-2025 09:43:43 America/Bogota] ID detectado en URL: 1
[31-May-2025 09:43:43 America/Bogota] URL a procesar: 'miembros/1'
[31-May-2025 09:43:43 America/Bogota] Buscando miembro con ID: 1
[31-May-2025 09:43:43 America/Bogota] ID detectado en URL: 1
[31-May-2025 09:43:44 America/Bogota] URL a procesar: 'uploads/miembros/68376fab49125_yop.jpg'
[31-May-2025 09:43:51 America/Bogota] URL a procesar: 'miembros/editar/1'
[31-May-2025 09:43:51 America/Bogota] Buscando miembro con ID: 1
[31-May-2025 09:45:32 America/Bogota] URL a procesar: 'miembros/actualizar/1'
[31-May-2025 09:45:32 America/Bogota] Iniciando actualización para miembro ID: 1
[31-May-2025 09:45:32 America/Bogota] Datos POST: {"nombres":"Hernando Rafael","apellidos":"Gamez Fragozo","celular":"3042629153","localidad":"Bogota","barrio":"Modelia","fecha_nacimiento":"1986-11-01","estado_espiritual":"Disc\u00edpulo","fecha_ingreso":"2015-06-14","recorrido_espiritual":"Rafa Gamez lleva casi 10 a\u00f1os en encasa, ahora sirve en conexion y staff.","contacto_id":"2","tipo_documento":"CC","numero_documento":"1032373186","telefono":"3042629153","correo_electronico":"rafa.gzfr@gmail.com","pais":"Colombia","ciudad":"Bogota","direccion":"Carrera 82#24d-48","estado_civil":"Casado\/a","estudios_id":"","nivel_estudios":"","profesion":"","otros_estudios":"","empresa":"","direccion_empresa":"","emprendimientos":"","tallas_id":"2","talla_camisa":"XXL","talla_camiseta":"XXL","talla_pantalon":"42","talla_zapatos":"42","salud_id":"","rh":"","eps":"","acudiente1":"","telefono1":"","acudiente2":"","telefono2":"","carrera_id":"","estado":"","carrera_biblica":"","miembro_de":"Iglesia En Casa","casa_de_palabra_y_vida":"","cobertura":"","anotaciones":""}
[31-May-2025 09:45:34 America/Bogota] URL a procesar: 'miembros/1'
[31-May-2025 09:45:34 America/Bogota] Buscando miembro con ID: 1
[31-May-2025 09:45:34 America/Bogota] ID detectado en URL: 1
[31-May-2025 09:45:34 America/Bogota] URL a procesar: 'miembros/1'
[31-May-2025 09:45:34 America/Bogota] Buscando miembro con ID: 1
[31-May-2025 09:45:34 America/Bogota] ID detectado en URL: 1
[31-May-2025 09:45:35 America/Bogota] URL a procesar: 'uploads/miembros/68376fab49125_yop.jpg'
